# JRE version: 7.0_25-b15
# Java VM: Java HotSpot(TM) 64-Bit Server VM (23.25-b01 mixed mode linux-amd64 compressed oops)
Heap
 PSYoungGen      total 267136K, used 10624K [0x00000007aca00000, 0x00000007dfb90000, 0x0000000800000000)
  eden space 256512K, 0% used [0x00000007aca00000,0x00000007aca00000,0x00000007bc480000)
  from space 10624K, 100% used [0x00000007bc480000,0x00000007bcee0000,0x00000007bcee0000)
  to   space 240896K, 0% used [0x00000007d1050000,0x00000007d1050000,0x00000007dfb90000)
 ParOldGen       total 653440K, used 570768K [0x0000000705e00000, 0x000000072dc20000, 0x00000007aca00000)
  object space 653440K, 87% used [0x0000000705e00000,0x0000000728b64390,0x000000072dc20000)
 PSPermGen       total 21248K, used 5206K [0x0000000700c00000, 0x00000007020c0000, 0x0000000705e00000)
  object space 21248K, 24% used [0x0000000700c00000,0x0000000701115b30,0x00000007020c0000)
GC Heap History (10 events):
Event: 1,735 GC heap after
Heap after GC invocations=3 (full 0):
 PSYoungGen      total 138880K, used 10592K [0x00000007aca00000, 0x00000007bd940000, 0x0000000800000000)
  eden space 128256K, 0% used [0x00000007aca00000,0x00000007aca00000,0x00000007b4740000)
  from space 10624K, 99% used [0x00000007b4740000,0x00000007b5198020,0x00000007b51a0000)
  to   space 10624K, 0% used [0x00000007bcee0000,0x00000007bcee0000,0x00000007bd940000)
 ParOldGen       total 227776K, used 227633K [0x0000000705e00000, 0x0000000713c70000, 0x00000007aca00000)
  object space 227776K, 99% used [0x0000000705e00000,0x0000000713c4c508,0x0000000713c70000)
 PSPermGen       total 21248K, used 5209K [0x0000000700c00000, 0x00000007020c0000, 0x0000000705e00000)
  object space 21248K, 24% used [0x0000000700c00000,0x0000000701116480,0x00000007020c0000)
}
Event: 1,735 GC heap before
{Heap before GC invocations=4 (full 1):
 PSYoungGen      total 138880K, used 10592K [0x00000007aca00000, 0x00000007bd940000, 0x0000000800000000)
  eden space 128256K, 0% used [0x00000007aca00000,0x00000007aca00000,0x00000007b4740000)
  from space 10624K, 99% used [0x00000007b4740000,0x00000007b5198020,0x00000007b51a0000)
  to   space 10624K, 0% used [0x00000007bcee0000,0x00000007bcee0000,0x00000007bd940000)
 ParOldGen       total 227776K, used 227633K [0x0000000705e00000, 0x0000000713c70000, 0x00000007aca00000)
  object space 227776K, 99% used [0x0000000705e00000,0x0000000713c4c508,0x0000000713c70000)
 PSPermGen       total 21248K, used 5209K [0x0000000700c00000, 0x00000007020c0000, 0x0000000705e00000)
  object space 21248K, 24% used [0x0000000700c00000,0x0000000701116480,0x00000007020c0000)
Event: 2,567 GC heap after
Heap after GC invocations=4 (full 1):
 PSYoungGen      total 138880K, used 8795K [0x00000007aca00000, 0x00000007bd940000, 0x0000000800000000)
  eden space 128256K, 0% used [0x00000007aca00000,0x00000007aca00000,0x00000007b4740000)
  from space 10624K, 82% used [0x00000007b4740000,0x00000007b4fd6d60,0x00000007b51a0000)
  to   space 10624K, 0% used [0x00000007bcee0000,0x00000007bcee0000,0x00000007bd940000)
 ParOldGen       total 453120K, used 227774K [0x0000000705e00000, 0x0000000721880000, 0x00000007aca00000)
  object space 453120K, 50% used [0x0000000705e00000,0x0000000713c6f960,0x0000000721880000)
 PSPermGen       total 21248K, used 5206K [0x0000000700c00000, 0x00000007020c0000, 0x0000000705e00000)
  object space 21248K, 24% used [0x0000000700c00000,0x0000000701115b30,0x00000007020c0000)
}
Event: 2,597 GC heap before
{Heap before GC invocations=5 (full 1):
 PSYoungGen      total 138880K, used 137051K [0x00000007aca00000, 0x00000007bd940000, 0x0000000800000000)
  eden space 128256K, 100% used [0x00000007aca00000,0x00000007b4740000,0x00000007b4740000)
  from space 10624K, 82% used [0x00000007b4740000,0x00000007b4fd6d60,0x00000007b51a0000)
  to   space 10624K, 0% used [0x00000007bcee0000,0x00000007bcee0000,0x00000007bd940000)
 ParOldGen       total 453120K, used 227774K [0x0000000705e00000, 0x0000000721880000, 0x00000007aca00000)
  object space 453120K, 50% used [0x0000000705e00000,0x0000000713c6f960,0x0000000721880000)
 PSPermGen       total 21248K, used 5206K [0x0000000700c00000, 0x00000007020c0000, 0x0000000705e00000)
  object space 21248K, 24% used [0x0000000700c00000,0x0000000701115b30,0x00000007020c0000)
Event: 3,302 GC heap after
Heap after GC invocations=5 (full 1):
 PSYoungGen      total 226624K, used 10592K [0x00000007aca00000, 0x00000007bd940000, 0x0000000800000000)
  eden space 216000K, 0% used [0x00000007aca00000,0x00000007aca00000,0x00000007b9cf0000)
  from space 10624K, 99% used [0x00000007bcee0000,0x00000007bd938020,0x00000007bd940000)
  to   space 10624K, 0% used [0x00000007bc480000,0x00000007bc480000,0x00000007bcee0000)
 ParOldGen       total 453120K, used 354606K [0x0000000705e00000, 0x0000000721880000, 0x00000007aca00000)
  object space 453120K, 78% used [0x0000000705e00000,0x000000071b84b960,0x0000000721880000)
 PSPermGen       total 21248K, used 5206K [0x0000000700c00000, 0x00000007020c0000, 0x0000000705e00000)
  object space 21248K, 24% used [0x0000000700c00000,0x0000000701115b30,0x00000007020c0000)
}
Event: 3,302 GC heap before
{Heap before GC invocations=6 (full 2):
 PSYoungGen      total 226624K, used 10592K [0x00000007aca00000, 0x00000007bd940000, 0x0000000800000000)
  eden space 216000K, 0% used [0x00000007aca00000,0x00000007aca00000,0x00000007b9cf0000)
  from space 10624K, 99% used [0x00000007bcee0000,0x00000007bd938020,0x00000007bd940000)
  to   space 10624K, 0% used [0x00000007bc480000,0x00000007bc480000,0x00000007bcee0000)
 ParOldGen       total 453120K, used 354606K [0x0000000705e00000, 0x0000000721880000, 0x00000007aca00000)
  object space 453120K, 78% used [0x0000000705e00000,0x000000071b84b960,0x0000000721880000)
 PSPermGen       total 21248K, used 5206K [0x0000000700c00000, 0x00000007020c0000, 0x0000000705e00000)
  object space 21248K, 24% used [0x0000000700c00000,0x0000000701115b30,0x00000007020c0000)
Event: 4,262 GC heap after
Heap after GC invocations=6 (full 2):
 PSYoungGen      total 226624K, used 0K [0x00000007aca00000, 0x00000007bd940000, 0x0000000800000000)
  eden space 216000K, 0% used [0x00000007aca00000,0x00000007aca00000,0x00000007b9cf0000)
  from space 10624K, 0% used [0x00000007bcee0000,0x00000007bcee0000,0x00000007bd940000)
  to   space 10624K, 0% used [0x00000007bc480000,0x00000007bc480000,0x00000007bcee0000)
 ParOldGen       total 653440K, used 364824K [0x0000000705e00000, 0x000000072dc20000, 0x00000007aca00000)
  object space 653440K, 55% used [0x0000000705e00000,0x000000071c246390,0x000000072dc20000)
 PSPermGen       total 21248K, used 5206K [0x0000000700c00000, 0x00000007020c0000, 0x0000000705e00000)
  object space 21248K, 24% used [0x0000000700c00000,0x0000000701115b30,0x00000007020c0000)
}
Event: 4,328 GC heap before
{Heap before GC invocations=7 (full 2):
 PSYoungGen      total 226624K, used 216000K [0x00000007aca00000, 0x00000007bd940000, 0x0000000800000000)
  eden space 216000K, 100% used [0x00000007aca00000,0x00000007b9cf0000,0x00000007b9cf0000)
  from space 10624K, 0% used [0x00000007bcee0000,0x00000007bcee0000,0x00000007bd940000)
  to   space 10624K, 0% used [0x00000007bc480000,0x00000007bc480000,0x00000007bcee0000)
 ParOldGen       total 653440K, used 364824K [0x0000000705e00000, 0x000000072dc20000, 0x00000007aca00000)
  object space 653440K, 55% used [0x0000000705e00000,0x000000071c246390,0x000000072dc20000)
 PSPermGen       total 21248K, used 5206K [0x0000000700c00000, 0x00000007020c0000, 0x0000000705e00000)
  object space 21248K, 24% used [0x0000000700c00000,0x0000000701115b30,0x00000007020c0000)
Event: 5,487 GC heap after
Heap after GC invocations=7 (full 2):
 PSYoungGen      total 267136K, used 10624K [0x00000007aca00000, 0x00000007dfb90000, 0x0000000800000000)
  eden space 256512K, 0% used [0x00000007aca00000,0x00000007aca00000,0x00000007bc480000)
  from space 10624K, 100% used [0x00000007bc480000,0x00000007bcee0000,0x00000007bcee0000)
  to   space 240896K, 0% used [0x00000007d1050000,0x00000007d1050000,0x00000007dfb90000)
 ParOldGen       total 653440K, used 570768K [0x0000000705e00000, 0x000000072dc20000, 0x00000007aca00000)
  object space 653440K, 87% used [0x0000000705e00000,0x0000000728b64390,0x000000072dc20000)
 PSPermGen       total 21248K, used 5206K [0x0000000700c00000, 0x00000007020c0000, 0x0000000705e00000)
  object space 21248K, 24% used [0x0000000700c00000,0x0000000701115b30,0x00000007020c0000)
}
Event: 5,487 GC heap before
{Heap before GC invocations=8 (full 3):
 PSYoungGen      total 267136K, used 10624K [0x00000007aca00000, 0x00000007dfb90000, 0x0000000800000000)
  eden space 256512K, 0% used [0x00000007aca00000,0x00000007aca00000,0x00000007bc480000)
  from space 10624K, 100% used [0x00000007bc480000,0x00000007bcee0000,0x00000007bcee0000)
  to   space 240896K, 0% used [0x00000007d1050000,0x00000007d1050000,0x00000007dfb90000)
 ParOldGen       total 653440K, used 570768K [0x0000000705e00000, 0x000000072dc20000, 0x00000007aca00000)
  object space 653440K, 87% used [0x0000000705e00000,0x0000000728b64390,0x000000072dc20000)
 PSPermGen       total 21248K, used 5206K [0x0000000700c00000, 0x00000007020c0000, 0x0000000705e00000)
  object space 21248K, 24% used [0x0000000700c00000,0x0000000701115b30,0x00000007020c0000)

